2015-07-14 14:53:51.067+0000 INFO  [o.n.k.InternalAbstractGraphDatabase]: No locking implementation specified, defaulting to 'community'
2015-07-14 14:53:51.161+0000 INFO  [o.n.k.i.DiagnosticsManager]: --- INITIALIZED diagnostics START ---
2015-07-14 14:53:51.163+0000 INFO  [o.n.k.i.DiagnosticsManager]: Neo4j Kernel properties:
2015-07-14 14:53:51.166+0000 INFO  [o.n.k.i.DiagnosticsManager]: store_dir=target/java-query-db
2015-07-14 14:53:51.166+0000 INFO  [o.n.k.i.DiagnosticsManager]: ephemeral=false
2015-07-14 14:53:51.168+0000 INFO  [o.n.k.i.DiagnosticsManager]: Diagnostics providers:
2015-07-14 14:53:51.168+0000 INFO  [o.n.k.i.DiagnosticsManager]: org.neo4j.kernel.configuration.Config
2015-07-14 14:53:51.168+0000 INFO  [o.n.k.i.DiagnosticsManager]: org.neo4j.kernel.info.DiagnosticsManager
2015-07-14 14:53:51.168+0000 INFO  [o.n.k.i.DiagnosticsManager]: SYSTEM_MEMORY
2015-07-14 14:53:51.168+0000 INFO  [o.n.k.i.DiagnosticsManager]: JAVA_MEMORY
2015-07-14 14:53:51.168+0000 INFO  [o.n.k.i.DiagnosticsManager]: OPERATING_SYSTEM
2015-07-14 14:53:51.168+0000 INFO  [o.n.k.i.DiagnosticsManager]: JAVA_VIRTUAL_MACHINE
2015-07-14 14:53:51.168+0000 INFO  [o.n.k.i.DiagnosticsManager]: CLASSPATH
2015-07-14 14:53:51.168+0000 INFO  [o.n.k.i.DiagnosticsManager]: LIBRARY_PATH
2015-07-14 14:53:51.168+0000 INFO  [o.n.k.i.DiagnosticsManager]: SYSTEM_PROPERTIES
2015-07-14 14:53:51.168+0000 INFO  [o.n.k.i.DiagnosticsManager]: NETWORK
2015-07-14 14:53:51.169+0000 INFO  [o.n.k.i.DiagnosticsManager]: System memory information:
2015-07-14 14:53:51.172+0000 INFO  [o.n.k.i.DiagnosticsManager]: Total Physical memory: 7.68 GB
2015-07-14 14:53:51.172+0000 INFO  [o.n.k.i.DiagnosticsManager]: Free Physical memory: 1.54 GB
2015-07-14 14:53:51.173+0000 INFO  [o.n.k.i.DiagnosticsManager]: Committed virtual memory: 295.31 MB
2015-07-14 14:53:51.173+0000 INFO  [o.n.k.i.DiagnosticsManager]: Total swap space: 15.35 GB
2015-07-14 14:53:51.173+0000 INFO  [o.n.k.i.DiagnosticsManager]: Free swap space: 7.02 GB
2015-07-14 14:53:51.173+0000 INFO  [o.n.k.i.DiagnosticsManager]: JVM memory information:
2015-07-14 14:53:51.173+0000 INFO  [o.n.k.i.DiagnosticsManager]: Free  memory: 64.88 MB
2015-07-14 14:53:51.174+0000 INFO  [o.n.k.i.DiagnosticsManager]: Total memory: 117.81 MB
2015-07-14 14:53:51.174+0000 INFO  [o.n.k.i.DiagnosticsManager]: Max   memory: 1.71 GB
2015-07-14 14:53:51.175+0000 INFO  [o.n.k.i.DiagnosticsManager]: Garbage Collector: PS Scavenge: [PS Eden Space, PS Survivor Space]
2015-07-14 14:53:51.175+0000 INFO  [o.n.k.i.DiagnosticsManager]: Garbage Collector: PS MarkSweep: [PS Eden Space, PS Survivor Space, PS Old Gen, PS Perm Gen]
2015-07-14 14:53:51.176+0000 INFO  [o.n.k.i.DiagnosticsManager]: Memory Pool: Code Cache (Non-heap memory): committed=2.44 MB, used=630.69 kB, max=48.00 MB, threshold=0.00 B
2015-07-14 14:53:51.177+0000 INFO  [o.n.k.i.DiagnosticsManager]: Memory Pool: PS Eden Space (Heap memory): committed=30.81 MB, used=21.09 MB, max=645.19 MB, threshold=?
2015-07-14 14:53:51.177+0000 INFO  [o.n.k.i.DiagnosticsManager]: Memory Pool: PS Survivor Space (Heap memory): committed=5.06 MB, used=5.04 MB, max=5.06 MB, threshold=?
2015-07-14 14:53:51.177+0000 INFO  [o.n.k.i.DiagnosticsManager]: Memory Pool: PS Old Gen (Heap memory): committed=81.94 MB, used=26.80 MB, max=1.28 GB, threshold=0.00 B
2015-07-14 14:53:51.178+0000 INFO  [o.n.k.i.DiagnosticsManager]: Memory Pool: PS Perm Gen (Non-heap memory): committed=20.75 MB, used=10.67 MB, max=82.00 MB, threshold=0.00 B
2015-07-14 14:53:51.178+0000 INFO  [o.n.k.i.DiagnosticsManager]: Operating system information:
2015-07-14 14:53:51.178+0000 INFO  [o.n.k.i.DiagnosticsManager]: Operating System: Windows 7; version: 6.1; arch: amd64; cpus: 4
2015-07-14 14:53:51.179+0000 INFO  [o.n.k.i.DiagnosticsManager]: Process id: 7456@puneetsh02
2015-07-14 14:53:51.179+0000 INFO  [o.n.k.i.DiagnosticsManager]: Byte order: LITTLE_ENDIAN
2015-07-14 14:53:51.179+0000 INFO  [o.n.k.i.DiagnosticsManager]: Local timezone: Asia/Calcutta
2015-07-14 14:53:51.179+0000 INFO  [o.n.k.i.DiagnosticsManager]: JVM information:
2015-07-14 14:53:51.179+0000 INFO  [o.n.k.i.DiagnosticsManager]: VM Name: Java HotSpot(TM) 64-Bit Server VM
2015-07-14 14:53:51.179+0000 INFO  [o.n.k.i.DiagnosticsManager]: VM Vendor: Oracle Corporation
2015-07-14 14:53:51.179+0000 INFO  [o.n.k.i.DiagnosticsManager]: VM Version: 23.5-b02
2015-07-14 14:53:51.180+0000 INFO  [o.n.k.i.DiagnosticsManager]: JIT compiler: HotSpot 64-Bit Tiered Compilers
2015-07-14 14:53:51.180+0000 INFO  [o.n.k.i.DiagnosticsManager]: VM Arguments: [-Dfile.encoding=Cp1252]
2015-07-14 14:53:51.180+0000 INFO  [o.n.k.i.DiagnosticsManager]: Java classpath:
2015-07-14 14:53:51.182+0000 INFO  [o.n.k.i.DiagnosticsManager]:  [classpath + loader.0] file:/C:/Utills/apache-tomcat-7.0.57/lib/tomcat-i18n-ja.jar
2015-07-14 14:53:51.182+0000 INFO  [o.n.k.i.DiagnosticsManager]:  [loader.0] file:/C:/Program%20Files/Neo4j%20Community/bin/neo4j-desktop-2.2.3.jar
2015-07-14 14:53:51.182+0000 INFO  [o.n.k.i.DiagnosticsManager]:  [classpath + loader.0] file:/C:/Utills/apache-tomcat-7.0.57/lib/servlet-api.jar
2015-07-14 14:53:51.182+0000 INFO  [o.n.k.i.DiagnosticsManager]:  [classpath + loader.0] file:/C:/puneetsh/EM_DEV/Neo4jTest/WebContent/WEB-INF/lib/jersey-bundle-1.8.jar
2015-07-14 14:53:51.182+0000 INFO  [o.n.k.i.DiagnosticsManager]:  [loader.1] file:/C:/Utills/eclipse-juno/jre/lib/ext/access-bridge-64.jar
2015-07-14 14:53:51.182+0000 INFO  [o.n.k.i.DiagnosticsManager]:  [loader.1] file:/C:/Utills/eclipse-juno/jre/lib/ext/sunmscapi.jar
2015-07-14 14:53:51.182+0000 INFO  [o.n.k.i.DiagnosticsManager]:  [classpath + loader.0] file:/C:/puneetsh/EM_DEV/Neo4jTest/WebContent/WEB-INF/lib/jackson-core-asl-1.9.2.jar
2015-07-14 14:53:51.182+0000 INFO  [o.n.k.i.DiagnosticsManager]:  [classpath + loader.0] file:/C:/Utills/apache-tomcat-7.0.57/lib/tomcat-i18n-es.jar
2015-07-14 14:53:51.182+0000 INFO  [o.n.k.i.DiagnosticsManager]:  [classpath + loader.0] file:/C:/Utills/apache-tomcat-7.0.57/lib/catalina-ant.jar
2015-07-14 14:53:51.182+0000 INFO  [o.n.k.i.DiagnosticsManager]:  [loader.1] file:/C:/Utills/eclipse-juno/jre/lib/ext/dnsns.jar
2015-07-14 14:53:51.182+0000 INFO  [o.n.k.i.DiagnosticsManager]:  [bootstrap] C:\Utills\eclipse-juno\jre\lib\rt.jar
2015-07-14 14:53:51.182+0000 INFO  [o.n.k.i.DiagnosticsManager]:  [classpath + loader.0] file:/C:/Utills/apache-tomcat-7.0.57/lib/el-api.jar
2015-07-14 14:53:51.182+0000 INFO  [o.n.k.i.DiagnosticsManager]:  [loader.1] file:/C:/Utills/eclipse-juno/jre/lib/ext/zipfs.jar
2015-07-14 14:53:51.182+0000 INFO  [o.n.k.i.DiagnosticsManager]:  [classpath + loader.0] file:/C:/Utills/apache-tomcat-7.0.57/lib/tomcat-dbcp.jar
2015-07-14 14:53:51.182+0000 INFO  [o.n.k.i.DiagnosticsManager]:  [bootstrap] C:\Utills\eclipse-juno\jre\lib\sunrsasign.jar
2015-07-14 14:53:51.182+0000 INFO  [o.n.k.i.DiagnosticsManager]:  [classpath + loader.0] file:/C:/puneetsh/EM_DEV/Neo4jTest/WebContent/WEB-INF/lib/jersey-server-1.17.1.jar
2015-07-14 14:53:51.182+0000 INFO  [o.n.k.i.DiagnosticsManager]:  [classpath + loader.0] file:/C:/Utills/apache-tomcat-7.0.57/lib/ecj-4.4.jar
2015-07-14 14:53:51.182+0000 INFO  [o.n.k.i.DiagnosticsManager]:  [classpath + loader.0] file:/C:/Utills/apache-tomcat-7.0.57/lib/tomcat-util.jar
2015-07-14 14:53:51.182+0000 INFO  [o.n.k.i.DiagnosticsManager]:  [classpath + loader.0] file:/C:/Utills/apache-tomcat-7.0.57/lib/annotations-api.jar
2015-07-14 14:53:51.182+0000 INFO  [o.n.k.i.DiagnosticsManager]:  [bootstrap] C:\Utills\eclipse-juno\jre\classes
2015-07-14 14:53:51.183+0000 INFO  [o.n.k.i.DiagnosticsManager]:  [classpath + loader.0] file:/C:/Utills/apache-tomcat-7.0.57/lib/websocket-api.jar
2015-07-14 14:53:51.183+0000 INFO  [o.n.k.i.DiagnosticsManager]:  [classpath + loader.0] file:/C:/puneetsh/EM_DEV/Neo4jTest/WebContent/WEB-INF/lib/h2-1.3.170.jar
2015-07-14 14:53:51.183+0000 INFO  [o.n.k.i.DiagnosticsManager]:  [classpath + loader.0] file:/C:/puneetsh/EM_DEV/Neo4jTest/WebContent/WEB-INF/lib/asm-3.1.jar
2015-07-14 14:53:51.183+0000 INFO  [o.n.k.i.DiagnosticsManager]:  [classpath + loader.0] file:/C:/puneetsh/EM_DEV/Neo4jTest/WebContent/WEB-INF/lib/log4j-1.2.14.jar
2015-07-14 14:53:51.183+0000 INFO  [o.n.k.i.DiagnosticsManager]:  [classpath + loader.0] file:/C:/puneetsh/EM_DEV/Neo4jTest/WebContent/WEB-INF/lib/jersey-client-1.17.1.jar
2015-07-14 14:53:51.183+0000 INFO  [o.n.k.i.DiagnosticsManager]:  [classpath] C:\Program Files\Neo4j Community\bin\neo4j-desktop-2.2.3.jar
2015-07-14 14:53:51.183+0000 INFO  [o.n.k.i.DiagnosticsManager]:  [loader.1] file:/C:/Utills/eclipse-juno/jre/lib/ext/jaccess.jar
2015-07-14 14:53:51.183+0000 INFO  [o.n.k.i.DiagnosticsManager]:  [classpath + loader.0] file:/C:/puneetsh/EM_DEV/Neo4jTest/WebContent/WEB-INF/lib/junit-3.8.1.jar
2015-07-14 14:53:51.183+0000 INFO  [o.n.k.i.DiagnosticsManager]:  [loader.1] file:/C:/Utills/eclipse-juno/jre/lib/ext/localedata.jar
2015-07-14 14:53:51.183+0000 INFO  [o.n.k.i.DiagnosticsManager]:  [bootstrap] C:\Utills\eclipse-juno\jre\lib\jsse.jar
2015-07-14 14:53:51.183+0000 INFO  [o.n.k.i.DiagnosticsManager]:  [classpath + loader.0] file:/C:/Utills/apache-tomcat-7.0.57/lib/tomcat7-websocket.jar
2015-07-14 14:53:51.183+0000 INFO  [o.n.k.i.DiagnosticsManager]:  [loader.1] file:/C:/Utills/eclipse-juno/jre/lib/ext/sunec.jar
2015-07-14 14:53:51.183+0000 INFO  [o.n.k.i.DiagnosticsManager]:  [bootstrap] C:\Utills\eclipse-juno\jre\lib\jce.jar
2015-07-14 14:53:51.183+0000 INFO  [o.n.k.i.DiagnosticsManager]:  [classpath + loader.0] file:/C:/puneetsh/EM_DEV/Neo4jTest/WebContent/WEB-INF/lib/jersey-json-1.17.1.jar
2015-07-14 14:53:51.183+0000 INFO  [o.n.k.i.DiagnosticsManager]:  [classpath + loader.0] file:/C:/puneetsh/EM_DEV/Neo4jTest/WebContent/WEB-INF/lib/jackson-mapper-asl-1.9.2.jar
2015-07-14 14:53:51.183+0000 INFO  [o.n.k.i.DiagnosticsManager]:  [classpath + loader.0] file:/C:/Utills/apache-tomcat-7.0.57/lib/tomcat-api.jar
2015-07-14 14:53:51.183+0000 INFO  [o.n.k.i.DiagnosticsManager]:  [classpath + loader.0] file:/C:/Utills/apache-tomcat-7.0.57/lib/tomcat-coyote.jar
2015-07-14 14:53:51.183+0000 INFO  [o.n.k.i.DiagnosticsManager]:  [classpath + loader.0] file:/C:/Utills/apache-tomcat-7.0.57/lib/catalina.jar
2015-07-14 14:53:51.183+0000 INFO  [o.n.k.i.DiagnosticsManager]:  [classpath + loader.0] file:/C:/puneetsh/EM_DEV/Neo4jTest/WebContent/WEB-INF/lib/jackson-jaxrs-1.9.2.jar
2015-07-14 14:53:51.184+0000 INFO  [o.n.k.i.DiagnosticsManager]:  [classpath + loader.0] file:/C:/Utills/apache-tomcat-7.0.57/lib/jsp-api.jar
2015-07-14 14:53:51.184+0000 INFO  [o.n.k.i.DiagnosticsManager]:  [classpath + loader.0] file:/C:/puneetsh/EM_DEV/Neo4jTest/WebContent/WEB-INF/lib/jackson-xc-1.9.2.jar
2015-07-14 14:53:51.184+0000 INFO  [o.n.k.i.DiagnosticsManager]:  [bootstrap] C:\Utills\eclipse-juno\jre\lib\jfr.jar
2015-07-14 14:53:51.184+0000 INFO  [o.n.k.i.DiagnosticsManager]:  [classpath + loader.0] file:/C:/Utills/apache-tomcat-7.0.57/lib/tomcat-i18n-fr.jar
2015-07-14 14:53:51.184+0000 INFO  [o.n.k.i.DiagnosticsManager]:  [classpath + loader.0] file:/C:/puneetsh/EM_DEV/Neo4jTest/WebContent/WEB-INF/lib/db4o-8.0.249.16098-all-java5.jar
2015-07-14 14:53:51.184+0000 INFO  [o.n.k.i.DiagnosticsManager]:  [loader.1] file:/C:/Utills/eclipse-juno/jre/lib/ext/sunjce_provider.jar
2015-07-14 14:53:51.184+0000 INFO  [o.n.k.i.DiagnosticsManager]:  [bootstrap] C:\Utills\eclipse-juno\jre\lib\resources.jar
2015-07-14 14:53:51.184+0000 INFO  [o.n.k.i.DiagnosticsManager]:  [classpath + loader.0] file:/C:/Utills/apache-tomcat-7.0.57/lib/tomcat-jdbc.jar
2015-07-14 14:53:51.184+0000 INFO  [o.n.k.i.DiagnosticsManager]:  [classpath + loader.0] file:/C:/Utills/apache-tomcat-7.0.57/lib/jasper.jar
2015-07-14 14:53:51.184+0000 INFO  [o.n.k.i.DiagnosticsManager]:  [classpath + loader.0] file:/C:/Utills/apache-tomcat-7.0.57/lib/javax.servlet-3.0.jar
2015-07-14 14:53:51.184+0000 INFO  [o.n.k.i.DiagnosticsManager]:  [classpath + loader.0] file:/C:/puneetsh/EM_DEV/Neo4jTest/WebContent/WEB-INF/lib/jsr311-api-1.1.1.jar
2015-07-14 14:53:51.184+0000 INFO  [o.n.k.i.DiagnosticsManager]:  [classpath + loader.0] file:/C:/puneetsh/EM_DEV/Neo4jTest/WebContent/WEB-INF/lib/jersey-servlet-1.17.1.jar
2015-07-14 14:53:51.184+0000 INFO  [o.n.k.i.DiagnosticsManager]:  [classpath + loader.0] file:/C:/puneetsh/EM_DEV/Neo4jTest/WebContent/WEB-INF/lib/jersey-core-1.17.1.jar
2015-07-14 14:53:51.185+0000 INFO  [o.n.k.i.DiagnosticsManager]:  [classpath + loader.0] file:/C:/Utills/apache-tomcat-7.0.57/lib/jasper-el.jar
2015-07-14 14:53:51.185+0000 INFO  [o.n.k.i.DiagnosticsManager]:  [classpath + loader.0] file:/C:/puneetsh/EM_DEV/Neo4jTest/WebContent/WEB-INF/lib/jettison-1.1.jar
2015-07-14 14:53:51.185+0000 INFO  [o.n.k.i.DiagnosticsManager]:  [classpath + loader.0] file:/C:/puneetsh/EM_DEV/Neo4jTest/build/classes/
2015-07-14 14:53:51.185+0000 INFO  [o.n.k.i.DiagnosticsManager]:  [bootstrap] C:\Utills\eclipse-juno\jre\lib\charsets.jar
2015-07-14 14:53:51.185+0000 INFO  [o.n.k.i.DiagnosticsManager]:  [classpath + loader.0] file:/C:/Utills/apache-tomcat-7.0.57/lib/catalina-tribes.jar
2015-07-14 14:53:51.185+0000 INFO  [o.n.k.i.DiagnosticsManager]:  [classpath + loader.0] file:/C:/Utills/apache-tomcat-7.0.57/lib/catalina-ha.jar
2015-07-14 14:53:51.185+0000 INFO  [o.n.k.i.DiagnosticsManager]: Library path:
2015-07-14 14:53:51.185+0000 INFO  [o.n.k.i.DiagnosticsManager]: C:\Utills\eclipse-juno\jre\bin
2015-07-14 14:53:51.185+0000 INFO  [o.n.k.i.DiagnosticsManager]: C:\Windows\Sun\Java\bin
2015-07-14 14:53:51.186+0000 INFO  [o.n.k.i.DiagnosticsManager]: C:\Windows\System32
2015-07-14 14:53:51.186+0000 INFO  [o.n.k.i.DiagnosticsManager]: C:\Windows
2015-07-14 14:53:51.186+0000 INFO  [o.n.k.i.DiagnosticsManager]: C:\Utills\eclipse-juno\jre\bin\server
2015-07-14 14:53:51.186+0000 INFO  [o.n.k.i.DiagnosticsManager]: C:\Utills\eclipse-juno\jre\bin
2015-07-14 14:53:51.187+0000 INFO  [o.n.k.i.DiagnosticsManager]: C:\Utills\eclipse-juno\jre\lib\amd64
2015-07-14 14:53:51.211+0000 INFO  [o.n.k.i.DiagnosticsManager]: O:\ora11202w\BIN
2015-07-14 14:53:51.212+0000 INFO  [o.n.k.i.DiagnosticsManager]: C:\Program Files (x86)\RSA SecurID Token Common
2015-07-14 14:53:51.212+0000 INFO  [o.n.k.i.DiagnosticsManager]: C:\Windows\System32
2015-07-14 14:53:51.212+0000 INFO  [o.n.k.i.DiagnosticsManager]: C:\Windows
2015-07-14 14:53:51.212+0000 INFO  [o.n.k.i.DiagnosticsManager]: C:\Windows\System32\wbem
2015-07-14 14:53:51.212+0000 INFO  [o.n.k.i.DiagnosticsManager]: C:\Windows\System32\WindowsPowerShell\v1.0
2015-07-14 14:53:51.213+0000 INFO  [o.n.k.i.DiagnosticsManager]: C:\Program Files (x86)\Microsoft SQL Server\100\Tools\Binn
2015-07-14 14:53:51.213+0000 INFO  [o.n.k.i.DiagnosticsManager]: C:\Program Files\Microsoft SQL Server\100\Tools\Binn
2015-07-14 14:53:51.214+0000 INFO  [o.n.k.i.DiagnosticsManager]: C:\Program Files\Microsoft SQL Server\100\DTS\Binn
2015-07-14 14:53:51.214+0000 INFO  [o.n.k.i.DiagnosticsManager]: O:\ora11202w\BIN
2015-07-14 14:53:51.214+0000 INFO  [o.n.k.i.DiagnosticsManager]: C:\Program Files\nodejs
2015-07-14 14:53:51.214+0000 INFO  [o.n.k.i.DiagnosticsManager]: C:\Program Files (x86)\Java\jre6\bin
2015-07-14 14:53:51.214+0000 INFO  [o.n.k.i.DiagnosticsManager]: C:\Users\puneetsh\AppData\Roaming\npm
2015-07-14 14:53:51.215+0000 INFO  [o.n.k.i.DiagnosticsManager]: C:\Program Files (x86)\Git\cmd
2015-07-14 14:53:51.215+0000 INFO  [o.n.k.i.DiagnosticsManager]: C:\Program Files\Perforce
2015-07-14 14:53:51.215+0000 INFO  [o.n.k.i.DiagnosticsManager]: C:\Program Files\Perforce
2015-07-14 14:53:51.215+0000 INFO  [o.n.k.i.DiagnosticsManager]: C:\Python27
2015-07-14 14:53:51.215+0000 INFO  [o.n.k.i.DiagnosticsManager]: C:\Python27\Scripts
2015-07-14 14:53:51.216+0000 INFO  [o.n.k.i.DiagnosticsManager]: C:\Python27\GnuWin32\bin
2015-07-14 14:53:51.216+0000 INFO  [o.n.k.i.DiagnosticsManager]: C:\Python27\Scripts
2015-07-14 14:53:51.216+0000 INFO  [o.n.k.i.DiagnosticsManager]: C:\Python27\GnuWin32\bin
2015-07-14 14:53:51.216+0000 INFO  [o.n.k.i.DiagnosticsManager]: O:\ora11202w\BIN
2015-07-14 14:53:51.216+0000 INFO  [o.n.k.i.DiagnosticsManager]: C:\Program Files (x86)\RSA SecurID Token Common
2015-07-14 14:53:51.216+0000 INFO  [o.n.k.i.DiagnosticsManager]: C:\Windows\System32
2015-07-14 14:53:51.216+0000 INFO  [o.n.k.i.DiagnosticsManager]: C:\Windows
2015-07-14 14:53:51.216+0000 INFO  [o.n.k.i.DiagnosticsManager]: C:\Windows\System32\wbem
2015-07-14 14:53:51.216+0000 INFO  [o.n.k.i.DiagnosticsManager]: C:\Windows\System32\WindowsPowerShell\v1.0
2015-07-14 14:53:51.216+0000 INFO  [o.n.k.i.DiagnosticsManager]: C:\Program Files (x86)\Microsoft SQL Server\100\Tools\Binn
2015-07-14 14:53:51.216+0000 INFO  [o.n.k.i.DiagnosticsManager]: C:\Program Files\Microsoft SQL Server\100\Tools\Binn
2015-07-14 14:53:51.216+0000 INFO  [o.n.k.i.DiagnosticsManager]: C:\Program Files\Microsoft SQL Server\100\DTS\Binn
2015-07-14 14:53:51.216+0000 INFO  [o.n.k.i.DiagnosticsManager]: O:\ora11202w\BIN
2015-07-14 14:53:51.216+0000 INFO  [o.n.k.i.DiagnosticsManager]: C:\Program Files\nodejs
2015-07-14 14:53:51.216+0000 INFO  [o.n.k.i.DiagnosticsManager]: C:\Program Files (x86)\Java\jre6\bin
2015-07-14 14:53:51.216+0000 INFO  [o.n.k.i.DiagnosticsManager]: C:\Users\puneetsh\AppData\Roaming\npm
2015-07-14 14:53:51.216+0000 INFO  [o.n.k.i.DiagnosticsManager]: C:\Program Files (x86)\Git\cmd
2015-07-14 14:53:51.216+0000 INFO  [o.n.k.i.DiagnosticsManager]: C:\Program Files\Perforce
2015-07-14 14:53:51.216+0000 INFO  [o.n.k.i.DiagnosticsManager]: C:\Program Files\Perforce
2015-07-14 14:53:51.216+0000 INFO  [o.n.k.i.DiagnosticsManager]: C:\Python27
2015-07-14 14:53:51.217+0000 INFO  [o.n.k.i.DiagnosticsManager]: C:\Python27\Scripts
2015-07-14 14:53:51.217+0000 INFO  [o.n.k.i.DiagnosticsManager]: C:\Python27\GnuWin32\bin
2015-07-14 14:53:51.217+0000 INFO  [o.n.k.i.DiagnosticsManager]: C:\Python27\Scripts
2015-07-14 14:53:51.217+0000 INFO  [o.n.k.i.DiagnosticsManager]: C:\Python27\GnuWin32\bin
2015-07-14 14:53:51.217+0000 INFO  [o.n.k.i.DiagnosticsManager]: C:\Program Files (x86)\Java\jdk1.6.0_37
2015-07-14 14:53:51.217+0000 INFO  [o.n.k.i.DiagnosticsManager]: C:\Users\puneetsh\AppData\Roaming\LaunchCRM\Persistent\Applications\MSVC_DLLs
2015-07-14 14:53:51.218+0000 INFO  [o.n.k.i.DiagnosticsManager]: C:\Utills\eclipse-juno
2015-07-14 14:53:51.218+0000 INFO  [o.n.k.i.DiagnosticsManager]: C:\puneetsh\EM_DEV\Neo4jTest
2015-07-14 14:53:51.218+0000 INFO  [o.n.k.i.DiagnosticsManager]: C:\puneetsh\EM_DEV\Neo4jTest
2015-07-14 14:53:51.218+0000 INFO  [o.n.k.i.DiagnosticsManager]: System.properties:
2015-07-14 14:53:51.219+0000 INFO  [o.n.k.i.DiagnosticsManager]: sun.boot.library.path = C:\Utills\eclipse-juno\jre\bin
2015-07-14 14:53:51.219+0000 INFO  [o.n.k.i.DiagnosticsManager]: path.separator = ;
2015-07-14 14:53:51.219+0000 INFO  [o.n.k.i.DiagnosticsManager]: file.encoding.pkg = sun.io
2015-07-14 14:53:51.219+0000 INFO  [o.n.k.i.DiagnosticsManager]: user.country = US
2015-07-14 14:53:51.219+0000 INFO  [o.n.k.i.DiagnosticsManager]: user.script = 
2015-07-14 14:53:51.219+0000 INFO  [o.n.k.i.DiagnosticsManager]: sun.java.launcher = SUN_STANDARD
2015-07-14 14:53:51.219+0000 INFO  [o.n.k.i.DiagnosticsManager]: sun.os.patch.level = Service Pack 1
2015-07-14 14:53:51.219+0000 INFO  [o.n.k.i.DiagnosticsManager]: user.dir = C:\puneetsh\EM_DEV\Neo4jTest
2015-07-14 14:53:51.219+0000 INFO  [o.n.k.i.DiagnosticsManager]: user.variant = 
2015-07-14 14:53:51.219+0000 INFO  [o.n.k.i.DiagnosticsManager]: sun.jnu.encoding = Cp1252
2015-07-14 14:53:51.219+0000 INFO  [o.n.k.i.DiagnosticsManager]: sun.management.compiler = HotSpot 64-Bit Tiered Compilers
2015-07-14 14:53:51.219+0000 INFO  [o.n.k.i.DiagnosticsManager]: user.home = C:\Users\puneetsh
2015-07-14 14:53:51.219+0000 INFO  [o.n.k.i.DiagnosticsManager]: user.timezone = Asia/Calcutta
2015-07-14 14:53:51.219+0000 INFO  [o.n.k.i.DiagnosticsManager]: file.encoding = Cp1252
2015-07-14 14:53:51.219+0000 INFO  [o.n.k.i.DiagnosticsManager]: user.name = puneetsh
2015-07-14 14:53:51.219+0000 INFO  [o.n.k.i.DiagnosticsManager]: sun.java.command = com.tp.neo4j.java.examples.JavaQuery
2015-07-14 14:53:51.219+0000 INFO  [o.n.k.i.DiagnosticsManager]: sun.arch.data.model = 64
2015-07-14 14:53:51.219+0000 INFO  [o.n.k.i.DiagnosticsManager]: user.language = en
2015-07-14 14:53:51.219+0000 INFO  [o.n.k.i.DiagnosticsManager]: awt.toolkit = sun.awt.windows.WToolkit
2015-07-14 14:53:51.219+0000 INFO  [o.n.k.i.DiagnosticsManager]: file.separator = \
2015-07-14 14:53:51.219+0000 INFO  [o.n.k.i.DiagnosticsManager]: sun.io.unicode.encoding = UnicodeLittle
2015-07-14 14:53:51.219+0000 INFO  [o.n.k.i.DiagnosticsManager]: sun.cpu.endian = little
2015-07-14 14:53:51.220+0000 INFO  [o.n.k.i.DiagnosticsManager]: sun.desktop = windows
2015-07-14 14:53:51.220+0000 INFO  [o.n.k.i.DiagnosticsManager]: sun.cpu.isalist = amd64
2015-07-14 14:53:51.220+0000 INFO  [o.n.k.i.DiagnosticsManager]: Network information:
2015-07-14 14:53:51.257+0000 INFO  [o.n.k.i.DiagnosticsManager]: Interface Software Loopback Interface 1:
2015-07-14 14:53:51.257+0000 INFO  [o.n.k.i.DiagnosticsManager]:     address: 127.0.0.1
2015-07-14 14:53:51.257+0000 INFO  [o.n.k.i.DiagnosticsManager]:     address: 0:0:0:0:0:0:0:1
2015-07-14 14:53:51.257+0000 INFO  [o.n.k.i.DiagnosticsManager]: Interface WAN Miniport (SSTP):
2015-07-14 14:53:51.257+0000 INFO  [o.n.k.i.DiagnosticsManager]: Interface WAN Miniport (L2TP):
2015-07-14 14:53:51.257+0000 INFO  [o.n.k.i.DiagnosticsManager]: Interface WAN Miniport (PPTP):
2015-07-14 14:53:51.258+0000 INFO  [o.n.k.i.DiagnosticsManager]: Interface WAN Miniport (PPPOE):
2015-07-14 14:53:51.258+0000 INFO  [o.n.k.i.DiagnosticsManager]: Interface WAN Miniport (IPv6):
2015-07-14 14:53:51.258+0000 INFO  [o.n.k.i.DiagnosticsManager]: Interface WAN Miniport (Network Monitor):
2015-07-14 14:53:51.258+0000 INFO  [o.n.k.i.DiagnosticsManager]: Interface WAN Miniport (IP):
2015-07-14 14:53:51.258+0000 INFO  [o.n.k.i.DiagnosticsManager]: Interface RAS Async Adapter:
2015-07-14 14:53:51.258+0000 INFO  [o.n.k.i.DiagnosticsManager]: Interface WAN Miniport (IKEv2):
2015-07-14 14:53:51.258+0000 INFO  [o.n.k.i.DiagnosticsManager]: Interface Intel(R) 82578DM Gigabit Network Connection:
2015-07-14 14:53:51.258+0000 INFO  [o.n.k.i.DiagnosticsManager]:     address: 10.20.201.148
2015-07-14 14:53:51.258+0000 INFO  [o.n.k.i.DiagnosticsManager]:     address: fe80:0:0:0:a088:e01f:4299:5255%11
2015-07-14 14:53:51.258+0000 INFO  [o.n.k.i.DiagnosticsManager]: Interface Microsoft ISATAP Adapter:
2015-07-14 14:53:51.258+0000 INFO  [o.n.k.i.DiagnosticsManager]:     address: fe80:0:0:0:0:5efe:a14:c994%12
2015-07-14 14:53:51.258+0000 INFO  [o.n.k.i.DiagnosticsManager]: Interface Microsoft ISATAP Adapter #2:
2015-07-14 14:53:51.259+0000 INFO  [o.n.k.i.DiagnosticsManager]: Interface Microsoft ISATAP Adapter-Symantec Endpoint Protection Firewall-0000:
2015-07-14 14:53:51.259+0000 INFO  [o.n.k.i.DiagnosticsManager]: Interface Microsoft ISATAP Adapter #2-Symantec Endpoint Protection Firewall-0000:
2015-07-14 14:53:51.259+0000 INFO  [o.n.k.i.DiagnosticsManager]: Interface Intel(R) 82578DM Gigabit Network Connection-Symantec Endpoint Protection Firewall-0000:
2015-07-14 14:53:51.259+0000 INFO  [o.n.k.i.DiagnosticsManager]: Interface Intel(R) 82578DM Gigabit Network Connection-QoS Packet Scheduler-0000:
2015-07-14 14:53:51.259+0000 INFO  [o.n.k.i.DiagnosticsManager]: Interface Intel(R) 82578DM Gigabit Network Connection-WFP LightWeight Filter-0000:
2015-07-14 14:53:51.259+0000 INFO  [o.n.k.i.DiagnosticsManager]: Interface WAN Miniport (Network Monitor)-Symantec Endpoint Protection Firewall-0000:
2015-07-14 14:53:51.259+0000 INFO  [o.n.k.i.DiagnosticsManager]: Interface WAN Miniport (Network Monitor)-QoS Packet Scheduler-0000:
2015-07-14 14:53:51.259+0000 INFO  [o.n.k.i.DiagnosticsManager]: Interface WAN Miniport (IP)-Symantec Endpoint Protection Firewall-0000:
2015-07-14 14:53:51.259+0000 INFO  [o.n.k.i.DiagnosticsManager]: Interface WAN Miniport (IP)-QoS Packet Scheduler-0000:
2015-07-14 14:53:51.259+0000 INFO  [o.n.k.i.DiagnosticsManager]: Interface WAN Miniport (IPv6)-Symantec Endpoint Protection Firewall-0000:
2015-07-14 14:53:51.259+0000 INFO  [o.n.k.i.DiagnosticsManager]: Interface WAN Miniport (IPv6)-QoS Packet Scheduler-0000:
2015-07-14 14:53:51.259+0000 INFO  [o.n.k.i.DiagnosticsManager]: --- INITIALIZED diagnostics END ---
2015-07-14 14:53:51.461+0000 INFO  [o.n.k.i.s.StoreFactory]: Creating new db @ target\java-query-db\neostore
2015-07-14 14:53:52.102+0000 INFO  [o.n.k.a.i.i.LuceneLabelScanStore]: No lucene scan store index found, this might just be first use. Preparing to rebuild.
2015-07-14 14:53:52.126+0000 INFO  [o.n.k.a.i.i.LuceneLabelScanStore]: No lucene scan store index found, this might just be first use. Preparing to rebuild.
2015-07-14 14:53:52.200+0000 INFO  [o.n.k.NeoStoreDataSource]: Opened logical log [target\java-query-db\neostore.transaction.db.0] version=0, lastTxId=1 (clean)
2015-07-14 14:53:52.207+0000 WARN  [o.n.k.i.s.StoreFactory]: Missing counts store, rebuilding it.
2015-07-14 14:53:52.313+0000 INFO  [o.n.k.a.i.i.LuceneLabelScanStore]: Rebuilding lucene scan store, this may take a while
2015-07-14 14:53:52.315+0000 INFO  [o.n.k.a.i.i.LuceneLabelScanStore]: Lucene scan store rebuilt (roughly -1 nodes)
2015-07-14 14:53:52.323+0000 INFO  [o.n.k.KernelHealth]: Kernel health set to OK
2015-07-14 14:53:52.928+0000 INFO  [o.n.k.i.DiagnosticsManager]: --- STARTED diagnostics for KernelDiagnostics:Versions START ---
2015-07-14 14:53:52.928+0000 INFO  [o.n.k.i.DiagnosticsManager]: Graph Database: org.neo4j.kernel.EmbeddedGraphDatabase StoreId{creationTime=1436885631441, randomId=79229184442067626, storeVersion=14969031248344582, upgradeTime=1436885631441, upgradeId=1}
2015-07-14 14:53:52.928+0000 INFO  [o.n.k.i.DiagnosticsManager]: Kernel version: Neo4j Desktop (neo4j-desktop), version: 2.2.3
2015-07-14 14:53:52.928+0000 INFO  [o.n.k.i.DiagnosticsManager]: Neo4j component versions:
2015-07-14 14:53:52.930+0000 INFO  [o.n.k.i.DiagnosticsManager]:   Neo4j Desktop (neo4j-lucene-index), version: 2.2.3; revision: 2.2.3:2.2:48/2b261bd9bb532f283b2caed9b2d9eb4992e677b4-dirty
2015-07-14 14:53:52.930+0000 INFO  [o.n.k.i.DiagnosticsManager]:   Neo4j Desktop (neo4j-cypher-compiler-2.1), version: 2.2.3; revision: 2.1.8:2.1-maint:687/5c83ce3a5ddf33259593f719153ce71a6fe89fc7
2015-07-14 14:53:52.930+0000 INFO  [o.n.k.i.DiagnosticsManager]:   Neo4j Desktop (neo4j-import-tool), version: 2.2.3; revision: 2.2.3:2.2:48/2b261bd9bb532f283b2caed9b2d9eb4992e677b4-dirty
2015-07-14 14:53:52.930+0000 INFO  [o.n.k.i.DiagnosticsManager]:   Neo4j Desktop (neo4j-cypher-compiler-2.2), version: 2.2.3; revision: 2.2.3:2.2:48/2b261bd9bb532f283b2caed9b2d9eb4992e677b4-dirty
2015-07-14 14:53:52.930+0000 INFO  [o.n.k.i.DiagnosticsManager]:   Neo4j Desktop (neo4j-graph-algo), version: 2.2.3; revision: 2.2.3:2.2:48/2b261bd9bb532f283b2caed9b2d9eb4992e677b4-dirty
2015-07-14 14:53:52.930+0000 INFO  [o.n.k.i.DiagnosticsManager]:   Neo4j Desktop (neo4j-consistency-check), version: 2.2.3; revision: 2.2.3:2.2:48/2b261bd9bb532f283b2caed9b2d9eb4992e677b4-dirty
2015-07-14 14:53:52.930+0000 INFO  [o.n.k.i.DiagnosticsManager]:   Neo4j Desktop (neo4j-cypher-compiler-2.0), version: 2.2.3; revision: 2.0.4:2.0-maint:130/4a7d10bc274a5d26a180bbe9df25100e8a694748
2015-07-14 14:53:52.930+0000 INFO  [o.n.k.i.DiagnosticsManager]:   Neo4j Desktop (neo4j-cypher-compiler-1.9), version: 2.2.3; revision: 2.0.4:2.0-maint:130/4a7d10bc274a5d26a180bbe9df25100e8a694748
2015-07-14 14:53:52.930+0000 INFO  [o.n.k.i.DiagnosticsManager]:   Neo4j Desktop (neo4j-udc), version: 2.2.3; revision: 2.2.3:2.2:48/2b261bd9bb532f283b2caed9b2d9eb4992e677b4-dirty
2015-07-14 14:53:52.931+0000 INFO  [o.n.k.i.DiagnosticsManager]:   Neo4j Desktop (neo4j-jmx), version: 2.2.3; revision: 2.2.3:2.2:48/2b261bd9bb532f283b2caed9b2d9eb4992e677b4-dirty
2015-07-14 14:53:52.931+0000 INFO  [o.n.k.i.DiagnosticsManager]:   Neo4j Desktop (neo4j-graph-matching), version: 2.2.3; revision: 2.2.3:2.2:48/2b261bd9bb532f283b2caed9b2d9eb4992e677b4-dirty
2015-07-14 14:53:52.931+0000 INFO  [o.n.k.i.DiagnosticsManager]:   Neo4j Desktop (server-api), version: 2.2.3; revision: 2.2.3:2.2:48/2b261bd9bb532f283b2caed9b2d9eb4992e677b4-dirty
2015-07-14 14:53:52.931+0000 INFO  [o.n.k.i.DiagnosticsManager]:   Neo4j Desktop (neo4j-desktop), version: 2.2.3; revision: 2.2.3:2.2:48/2b261bd9bb532f283b2caed9b2d9eb4992e677b4-dirty
2015-07-14 14:53:52.931+0000 INFO  [o.n.k.i.DiagnosticsManager]:   Neo4j Desktop (neo4j-cypher), version: 2.2.3; revision: 2.2.3:2.2:48/2b261bd9bb532f283b2caed9b2d9eb4992e677b4-dirty
2015-07-14 14:53:52.931+0000 INFO  [o.n.k.i.DiagnosticsManager]:   Neo4j Desktop (neo4j-server), version: 2.2.3; revision: 2.2.3:2.2:48/2b261bd9bb532f283b2caed9b2d9eb4992e677b4-dirty
2015-07-14 14:53:52.931+0000 INFO  [o.n.k.i.DiagnosticsManager]:   Neo4j Desktop (neo4j-shell), version: 2.2.3; revision: 2.2.3:2.2:48/2b261bd9bb532f283b2caed9b2d9eb4992e677b4-dirty
2015-07-14 14:53:52.931+0000 INFO  [o.n.k.i.DiagnosticsManager]: --- STARTED diagnostics for KernelDiagnostics:Versions END ---
2015-07-14 14:53:52.933+0000 INFO  [o.n.k.i.DiagnosticsManager]: --- STARTED diagnostics for NEO_STORE_VERSIONS START ---
2015-07-14 14:53:52.934+0000 INFO  [o.n.k.i.DiagnosticsManager]: Store versions:
2015-07-14 14:53:52.934+0000 INFO  [o.n.k.i.DiagnosticsManager]: Store versions:
2015-07-14 14:53:52.934+0000 INFO  [o.n.k.i.DiagnosticsManager]:   NeoStore v0.A.5
2015-07-14 14:53:52.934+0000 INFO  [o.n.k.i.DiagnosticsManager]:   SchemaStore v0.A.5
2015-07-14 14:53:52.934+0000 INFO  [o.n.k.i.DiagnosticsManager]:   NodeStore v0.A.5
2015-07-14 14:53:52.934+0000 INFO  [o.n.k.i.DiagnosticsManager]:   RelationshipStore v0.A.5
2015-07-14 14:53:52.934+0000 INFO  [o.n.k.i.DiagnosticsManager]:   RelationshipTypeStore v0.A.5
2015-07-14 14:53:52.934+0000 INFO  [o.n.k.i.DiagnosticsManager]:   LabelTokenStore v0.A.5
2015-07-14 14:53:52.934+0000 INFO  [o.n.k.i.DiagnosticsManager]:   PropertyStore v0.A.5
2015-07-14 14:53:52.934+0000 INFO  [o.n.k.i.DiagnosticsManager]:   PropertyIndexStore v0.A.5
2015-07-14 14:53:52.934+0000 INFO  [o.n.k.i.DiagnosticsManager]:   StringPropertyStore v0.A.5
2015-07-14 14:53:52.934+0000 INFO  [o.n.k.i.DiagnosticsManager]:   ArrayPropertyStore v0.A.5
2015-07-14 14:53:52.934+0000 INFO  [o.n.k.i.DiagnosticsManager]:   RelationshipGroupStore v0.A.5
2015-07-14 14:53:52.934+0000 INFO  [o.n.k.i.DiagnosticsManager]: --- STARTED diagnostics for NEO_STORE_VERSIONS END ---
2015-07-14 14:53:52.935+0000 INFO  [o.n.k.i.DiagnosticsManager]: --- STARTED diagnostics for NEO_STORE_ID_USAGE START ---
2015-07-14 14:53:52.935+0000 INFO  [o.n.k.i.DiagnosticsManager]: Id usage:
2015-07-14 14:53:52.935+0000 INFO  [o.n.k.i.DiagnosticsManager]: Id usage:
2015-07-14 14:53:52.935+0000 INFO  [o.n.k.i.DiagnosticsManager]:   SchemaStore: used=1 high=0
2015-07-14 14:53:52.935+0000 INFO  [o.n.k.i.DiagnosticsManager]:   NodeStore: used=0 high=-1
2015-07-14 14:53:52.935+0000 INFO  [o.n.k.i.DiagnosticsManager]:   RelationshipStore: used=0 high=-1
2015-07-14 14:53:52.935+0000 INFO  [o.n.k.i.DiagnosticsManager]:   RelationshipTypeStore: used=0 high=-1
2015-07-14 14:53:52.936+0000 INFO  [o.n.k.i.DiagnosticsManager]:   LabelTokenStore: used=0 high=-1
2015-07-14 14:53:52.936+0000 INFO  [o.n.k.i.DiagnosticsManager]:   PropertyStore: used=0 high=-1
2015-07-14 14:53:52.936+0000 INFO  [o.n.k.i.DiagnosticsManager]:   PropertyIndexStore: used=0 high=-1
2015-07-14 14:53:52.936+0000 INFO  [o.n.k.i.DiagnosticsManager]:   StringPropertyStore: used=1 high=0
2015-07-14 14:53:52.936+0000 INFO  [o.n.k.i.DiagnosticsManager]:   ArrayPropertyStore: used=1 high=0
2015-07-14 14:53:52.936+0000 INFO  [o.n.k.i.DiagnosticsManager]:   RelationshipGroupStore: used=1 high=0
2015-07-14 14:53:52.936+0000 INFO  [o.n.k.i.DiagnosticsManager]: --- STARTED diagnostics for NEO_STORE_ID_USAGE END ---
2015-07-14 14:53:52.937+0000 INFO  [o.n.k.i.DiagnosticsManager]: --- STARTED diagnostics for KernelDiagnostics:StoreFiles START ---
2015-07-14 14:53:52.939+0000 INFO  [o.n.k.i.DiagnosticsManager]: Disk space on partition (Total / Free / Free %): 239531454464 / 13211054080 / 5
Storage files: (filename : modification date - size)
2015-07-14 14:53:52.940+0000 INFO  [o.n.k.i.DiagnosticsManager]:   index:
2015-07-14 14:53:52.941+0000 INFO  [o.n.k.i.DiagnosticsManager]:   - Total: 2015-07-14T20:23:51+0530 - 0.00 B
2015-07-14 14:53:52.941+0000 INFO  [o.n.k.i.DiagnosticsManager]:   lock: 2015-07-14T20:23:51+0530 - 0.00 B
2015-07-14 14:53:52.941+0000 INFO  [o.n.k.i.DiagnosticsManager]:   messages.log: 2015-07-14T20:23:52+0530 - 31.99 kB
2015-07-14 14:53:52.942+0000 INFO  [o.n.k.i.DiagnosticsManager]:   neostore: 2015-07-14T20:23:51+0530 - 99.00 B
2015-07-14 14:53:52.942+0000 INFO  [o.n.k.i.DiagnosticsManager]:   neostore.counts.db.a: 2015-07-14T20:23:52+0530 - 114.00 B
2015-07-14 14:53:52.942+0000 INFO  [o.n.k.i.DiagnosticsManager]:   neostore.id: 2015-07-14T20:23:51+0530 - 9.00 B
2015-07-14 14:53:52.943+0000 INFO  [o.n.k.i.DiagnosticsManager]:   neostore.labeltokenstore.db: 2015-07-14T20:23:51+0530 - 0.00 B
2015-07-14 14:53:52.943+0000 INFO  [o.n.k.i.DiagnosticsManager]:   neostore.labeltokenstore.db.id: 2015-07-14T20:23:51+0530 - 9.00 B
2015-07-14 14:53:52.943+0000 INFO  [o.n.k.i.DiagnosticsManager]:   neostore.labeltokenstore.db.names: 2015-07-14T20:23:51+0530 - 38.00 B
2015-07-14 14:53:52.944+0000 INFO  [o.n.k.i.DiagnosticsManager]:   neostore.labeltokenstore.db.names.id: 2015-07-14T20:23:51+0530 - 9.00 B
2015-07-14 14:53:52.944+0000 INFO  [o.n.k.i.DiagnosticsManager]:   neostore.nodestore.db: 2015-07-14T20:23:51+0530 - 0.00 B
2015-07-14 14:53:52.944+0000 INFO  [o.n.k.i.DiagnosticsManager]:   neostore.nodestore.db.id: 2015-07-14T20:23:51+0530 - 9.00 B
2015-07-14 14:53:52.945+0000 INFO  [o.n.k.i.DiagnosticsManager]:   neostore.nodestore.db.labels: 2015-07-14T20:23:51+0530 - 68.00 B
2015-07-14 14:53:52.945+0000 INFO  [o.n.k.i.DiagnosticsManager]:   neostore.nodestore.db.labels.id: 2015-07-14T20:23:51+0530 - 9.00 B
2015-07-14 14:53:52.945+0000 INFO  [o.n.k.i.DiagnosticsManager]:   neostore.propertystore.db: 2015-07-14T20:23:51+0530 - 0.00 B
2015-07-14 14:53:52.946+0000 INFO  [o.n.k.i.DiagnosticsManager]:   neostore.propertystore.db.arrays: 2015-07-14T20:23:51+0530 - 128.00 B
2015-07-14 14:53:52.946+0000 INFO  [o.n.k.i.DiagnosticsManager]:   neostore.propertystore.db.arrays.id: 2015-07-14T20:23:51+0530 - 9.00 B
2015-07-14 14:53:52.946+0000 INFO  [o.n.k.i.DiagnosticsManager]:   neostore.propertystore.db.id: 2015-07-14T20:23:51+0530 - 9.00 B
2015-07-14 14:53:52.947+0000 INFO  [o.n.k.i.DiagnosticsManager]:   neostore.propertystore.db.index: 2015-07-14T20:23:51+0530 - 0.00 B
2015-07-14 14:53:52.947+0000 INFO  [o.n.k.i.DiagnosticsManager]:   neostore.propertystore.db.index.id: 2015-07-14T20:23:51+0530 - 9.00 B
2015-07-14 14:53:52.947+0000 INFO  [o.n.k.i.DiagnosticsManager]:   neostore.propertystore.db.index.keys: 2015-07-14T20:23:51+0530 - 38.00 B
2015-07-14 14:53:52.948+0000 INFO  [o.n.k.i.DiagnosticsManager]:   neostore.propertystore.db.index.keys.id: 2015-07-14T20:23:51+0530 - 9.00 B
2015-07-14 14:53:52.948+0000 INFO  [o.n.k.i.DiagnosticsManager]:   neostore.propertystore.db.strings: 2015-07-14T20:23:51+0530 - 128.00 B
2015-07-14 14:53:52.948+0000 INFO  [o.n.k.i.DiagnosticsManager]:   neostore.propertystore.db.strings.id: 2015-07-14T20:23:51+0530 - 9.00 B
2015-07-14 14:53:52.949+0000 INFO  [o.n.k.i.DiagnosticsManager]:   neostore.relationshipgroupstore.db: 2015-07-14T20:23:51+0530 - 25.00 B
2015-07-14 14:53:52.949+0000 INFO  [o.n.k.i.DiagnosticsManager]:   neostore.relationshipgroupstore.db.id: 2015-07-14T20:23:51+0530 - 9.00 B
2015-07-14 14:53:52.949+0000 INFO  [o.n.k.i.DiagnosticsManager]:   neostore.relationshipstore.db: 2015-07-14T20:23:51+0530 - 0.00 B
2015-07-14 14:53:52.950+0000 INFO  [o.n.k.i.DiagnosticsManager]:   neostore.relationshipstore.db.id: 2015-07-14T20:23:51+0530 - 9.00 B
2015-07-14 14:53:52.950+0000 INFO  [o.n.k.i.DiagnosticsManager]:   neostore.relationshiptypestore.db: 2015-07-14T20:23:51+0530 - 0.00 B
2015-07-14 14:53:52.950+0000 INFO  [o.n.k.i.DiagnosticsManager]:   neostore.relationshiptypestore.db.id: 2015-07-14T20:23:51+0530 - 9.00 B
2015-07-14 14:53:52.951+0000 INFO  [o.n.k.i.DiagnosticsManager]:   neostore.relationshiptypestore.db.names: 2015-07-14T20:23:51+0530 - 38.00 B
2015-07-14 14:53:52.951+0000 INFO  [o.n.k.i.DiagnosticsManager]:   neostore.relationshiptypestore.db.names.id: 2015-07-14T20:23:51+0530 - 9.00 B
2015-07-14 14:53:52.951+0000 INFO  [o.n.k.i.DiagnosticsManager]:   neostore.schemastore.db: 2015-07-14T20:23:51+0530 - 64.00 B
2015-07-14 14:53:52.952+0000 INFO  [o.n.k.i.DiagnosticsManager]:   neostore.schemastore.db.id: 2015-07-14T20:23:51+0530 - 9.00 B
2015-07-14 14:53:52.952+0000 INFO  [o.n.k.i.DiagnosticsManager]:   neostore.transaction.db.0: 2015-07-14T20:23:52+0530 - 16.00 B
2015-07-14 14:53:52.952+0000 INFO  [o.n.k.i.DiagnosticsManager]:   schema:
2015-07-14 14:53:52.953+0000 INFO  [o.n.k.i.DiagnosticsManager]:     label:
2015-07-14 14:53:52.953+0000 INFO  [o.n.k.i.DiagnosticsManager]:       lucene:
2015-07-14 14:53:52.953+0000 INFO  [o.n.k.i.DiagnosticsManager]:         write.lock: 2015-07-14T20:23:52+0530 - 0.00 B
2015-07-14 14:53:52.954+0000 INFO  [o.n.k.i.DiagnosticsManager]:       - Total: 2015-07-14T20:23:52+0530 - 0.00 B
2015-07-14 14:53:52.954+0000 INFO  [o.n.k.i.DiagnosticsManager]:     - Total: 2015-07-14T20:23:52+0530 - 0.00 B
2015-07-14 14:53:52.954+0000 INFO  [o.n.k.i.DiagnosticsManager]:   - Total: 2015-07-14T20:23:52+0530 - 0.00 B
2015-07-14 14:53:52.954+0000 INFO  [o.n.k.i.DiagnosticsManager]:   store_lock: 2015-07-14T20:23:51+0530 - 0.00 B
2015-07-14 14:53:52.954+0000 INFO  [o.n.k.i.DiagnosticsManager]: --- STARTED diagnostics for KernelDiagnostics:StoreFiles END ---
2015-07-14 14:53:53.013+0000 INFO  [o.n.k.EmbeddedGraphDatabase]: Database is now ready
2015-07-14 14:53:54.441+0000 INFO  [o.n.k.EmbeddedGraphDatabase]: Shutdown started
2015-07-14 14:53:54.441+0000 INFO  [o.n.k.EmbeddedGraphDatabase]: Database is now unavailable
2015-07-14 14:53:54.456+0000 INFO  [o.n.k.i.s.StoreFactory]: About to rotate counts store at transaction 3 to [target\java-query-db\neostore.counts.db.b], from [target\java-query-db\neostore.counts.db.a].
2015-07-14 14:53:54.458+0000 INFO  [o.n.k.i.s.StoreFactory]: Successfully rotated counts store at transaction 3 to [target\java-query-db\neostore.counts.db.b], from [target\java-query-db\neostore.counts.db.a].
2015-07-14 14:53:54.667+0000 INFO  [o.n.k.NeoStoreDataSource]: NeoStore closed
2015-07-14 14:53:54.667+0000 INFO  [o.n.k.i.DiagnosticsManager]: --- STOPPING diagnostics START ---
2015-07-14 14:53:54.667+0000 INFO  [o.n.k.i.DiagnosticsManager]: --- STOPPING diagnostics END ---
